<?xml version="1.0" encoding="UTF-8"?>
<!-- Generated by org.testng.reporters.JUnitReportReporter -->
<testsuite hostname="LAPTOP-6EUUVVQ8" failures="0" tests="2" name="TestCases.EnterNameIn" time="7.833" errors="0" timestamp="2025-07-17T20:38:20 IST" skipped="0">
  <testcase classname="TestCases.EnterNameIn" name="RunName" time="0.827"/>
  <testcase classname="TestCases.EnterNameIn" name="drive" time="7.006"/>
</testsuite> <!-- TestCases.EnterNameIn -->
