<?xml version="1.0" encoding="UTF-8"?>
<!-- Generated by org.testng.reporters.JUnitReportReporter -->
<testsuite hostname="LAPTOP-6EUUVVQ8" failures="0" tests="2" name="TestCases.TestAutoPrac_DisplayCountryNames" time="10.060" errors="0" timestamp="2025-07-30T19:05:02 IST" skipped="0">
  <testcase classname="TestCases.TestAutoPrac_DisplayCountryNames" name="drive" time="6.863"/>
  <testcase classname="TestCases.TestAutoPrac_DisplayCountryNames" name="getCountries" time="3.197"/>
</testsuite> <!-- TestCases.TestAutoPrac_DisplayCountryNames -->
