<?xml version="1.0" encoding="UTF-8"?>
<!-- Generated by org.testng.reporters.JUnitReportReporter -->
<testsuite hostname="LAPTOP-6EUUVVQ8" failures="0" tests="2" name="TestCases.TestAutoPrac_EnterPersonalDetails" time="7.126" errors="0" timestamp="2025-07-30T19:30:19 IST" skipped="0">
  <testcase classname="TestCases.TestAutoPrac_EnterPersonalDetails" name="drive" time="6.120"/>
  <testcase classname="TestCases.TestAutoPrac_EnterPersonalDetails" name="RunName" time="1.006"/>
</testsuite> <!-- TestCases.TestAutoPrac_EnterPersonalDetails -->
