<?xml version="1.0" encoding="UTF-8"?>
<!-- Generated by org.testng.reporters.JUnitReportReporter -->
<testsuite hostname="LAPTOP-6EUUVVQ8" failures="0" tests="4" name="TestCases.EnterNameIn" time="10.691" errors="0" timestamp="2025-07-25T14:39:30 IST" skipped="0">
  <testcase classname="TestCases.EnterNameIn" name="RunName" time="0.596"/>
  <testcase classname="TestCases.EnterNameIn" name="drive" time="4.568"/>
  <testcase classname="TestCases.EnterNameIn" name="RunName" time="0.596"/>
  <testcase classname="TestCases.EnterNameIn" name="drive" time="4.931"/>
</testsuite> <!-- TestCases.EnterNameIn -->
