<?xml version="1.0" encoding="UTF-8"?>
<!-- Generated by org.testng.reporters.JUnitReportReporter -->
<testsuite hostname="LAPTOP-6EUUVVQ8" failures="0" tests="4" name="TestCases.TestAutoPrac_EnterPersonalDetails" time="4.964" errors="0" timestamp="2025-08-05T20:55:51 IST" skipped="0">
  <testcase classname="TestCases.TestAutoPrac_EnterPersonalDetails" name="drive" time="4.342"/>
  <testcase classname="TestCases.TestAutoPrac_EnterPersonalDetails" name="RunName" time="0.372"/>
  <testcase classname="TestCases.TestAutoPrac_EnterPersonalDetails" name="Days" time="0.077"/>
  <testcase classname="TestCases.TestAutoPrac_EnterPersonalDetails" name="Colors" time="0.173"/>
</testsuite> <!-- TestCases.TestAutoPrac_EnterPersonalDetails -->
