<?xml version="1.0" encoding="UTF-8"?>
<!-- Generated by org.testng.reporters.JUnitReportReporter -->
<testsuite hostname="LAPTOP-6EUUVVQ8" failures="0" tests="1" name="BaseClass.OrangeHRMS_Browser" time="5.651" errors="0" timestamp="2025-07-22T10:58:22 IST" skipped="0">
  <testcase classname="BaseClass.OrangeHRMS_Browser" name="OranH_BrowLaunch" time="5.651"/>
</testsuite> <!-- BaseClass.OrangeHRMS_Browser -->
