<?xml version="1.0" encoding="UTF-8"?>
<!-- Generated by org.testng.reporters.JUnitReportReporter -->
<testsuite hostname="LAPTOP-6EUUVVQ8" failures="0" tests="2" name="TestCases.closeBrowser" time="8.554" errors="0" timestamp="2025-07-29T19:56:20 IST" skipped="0">
  <testcase classname="TestCases.closeBrowser" name="lanchdrive" time="0.796"/>
  <testcase classname="TestCases.closeBrowser" name="drive" time="7.758"/>
</testsuite> <!-- TestCases.closeBrowser -->
