<?xml version="1.0" encoding="UTF-8"?>
<!-- Generated by org.testng.reporters.JUnitReportReporter -->
<testsuite hostname="LAPTOP-6EUUVVQ8" failures="0" tests="2" name="TestCases.TestAutoPrac_DisplayCountryNames" time="3.866" errors="0" timestamp="2025-08-05T18:42:07 IST" skipped="0">
  <testcase classname="TestCases.TestAutoPrac_DisplayCountryNames" name="drive" time="3.773"/>
  <testcase classname="TestCases.TestAutoPrac_DisplayCountryNames" name="getCountries" time="0.093"/>
</testsuite> <!-- TestCases.TestAutoPrac_DisplayCountryNames -->
