<?xml version="1.0" encoding="UTF-8"?>
<!-- Generated by org.testng.reporters.JUnitReportReporter -->
<testsuite hostname="LAPTOP-6EUUVVQ8" failures="0" tests="1" name="Utilities.TestData_OrangeLoginCredentials" time="0.534" errors="0" timestamp="2025-07-25T18:22:52 IST" skipped="0">
  <testcase classname="Utilities.TestData_OrangeLoginCredentials" name="TestData" time="0.534"/>
</testsuite> <!-- Utilities.TestData_OrangeLoginCredentials -->
