<?xml version="1.0" encoding="UTF-8"?>
<!-- Generated by org.testng.reporters.JUnitReportReporter -->
<testsuite hostname="LAPTOP-6EUUVVQ8" failures="0" tests="2" name="TestCases.TestAutoPrac_EnterPersonalDetails" time="6.894" errors="0" timestamp="2025-08-01T20:53:32 IST" skipped="0">
  <testcase classname="TestCases.TestAutoPrac_EnterPersonalDetails" name="drive" time="6.289"/>
  <testcase classname="TestCases.TestAutoPrac_EnterPersonalDetails" name="RunName" time="0.605"/>
</testsuite> <!-- TestCases.TestAutoPrac_EnterPersonalDetails -->
