<?xml version="1.0" encoding="UTF-8"?>
<!-- Generated by org.testng.reporters.JUnitReportReporter -->
<testsuite hostname="LAPTOP-6EUUVVQ8" failures="0" tests="2" name="TestCases.TestAutoPrac_DisplayCountryNames" time="4.183" errors="0" timestamp="2025-08-01T20:53:32 IST" skipped="0">
  <testcase classname="TestCases.TestAutoPrac_DisplayCountryNames" name="getCountries" time="0.121"/>
  <testcase classname="TestCases.TestAutoPrac_DisplayCountryNames" name="drive" time="4.062"/>
</testsuite> <!-- TestCases.TestAutoPrac_DisplayCountryNames -->
