<?xml version="1.0" encoding="UTF-8"?>
<!-- Generated by org.testng.reporters.JUnitReportReporter -->
<testsuite hostname="LAPTOP-6EUUVVQ8" failures="0" tests="2" name="TestCases.disPlayCountryNames" time="6.449" errors="0" timestamp="2025-07-29T19:39:21 IST" skipped="0">
  <testcase classname="TestCases.disPlayCountryNames" name="getCountries" time="0.100"/>
  <testcase classname="TestCases.disPlayCountryNames" name="drive" time="6.349"/>
</testsuite> <!-- TestCases.disPlayCountryNames -->
