<?xml version="1.0" encoding="UTF-8"?>
<!-- Generated by org.testng.reporters.JUnitReportReporter -->
<testsuite hostname="LAPTOP-6EUUVVQ8" failures="0" tests="2" name="TestCases.closeBrowser" time="5.003" errors="0" timestamp="2025-07-17T13:26:08 IST" skipped="0">
  <testcase classname="TestCases.closeBrowser" name="drive" time="4.398"/>
  <testcase classname="TestCases.closeBrowser" name="lanchdrive" time="0.605"/>
</testsuite> <!-- TestCases.closeBrowser -->
